# JRE version: Java(TM) SE Runtime Environment (8.0_161-b12) (build 1.8.0_161-b12)
# Java VM: Java HotSpot(TM) 64-Bit Server VM (25.161-b12 mixed mode linux-amd64 compressed oops)
Heap:
 PSYoungGen      total 728576K, used 155812K [0x000000076ab00000, 0x00000007a2300000, 0x00000007c0000000)
  eden space 547840K, 0% used [0x000000076ab00000,0x000000076ab00000,0x000000078c200000)
  from space 180736K, 86% used [0x000000078c200000,0x0000000795a29038,0x0000000797280000)
  to   space 168448K, 0% used [0x0000000797e80000,0x0000000797e80000,0x00000007a2300000)
 ParOldGen       total 588800K, used 376674K [0x00000006c0000000, 0x00000006e3f00000, 0x000000076ab00000)
  object space 588800K, 63% used [0x00000006c0000000,0x00000006d6fd8ab0,0x00000006e3f00000)
 Metaspace       used 6745K, capacity 7320K, committed 7680K, reserved 1056768K
  class space    used 634K, capacity 656K, committed 768K, reserved 1048576K
GC Heap History (10 events):
Event: 15,197 GC heap after
Heap after GC invocations=19 (full 4):
 PSYoungGen      total 538112K, used 64798K [0x000000076ab00000, 0x000000079c280000, 0x00000007c0000000)
  eden space 462848K, 0% used [0x000000076ab00000,0x000000076ab00000,0x0000000786f00000)
  from space 75264K, 86% used [0x0000000786f00000,0x000000078ae47a68,0x000000078b880000)
  to   space 135168K, 0% used [0x0000000793e80000,0x0000000793e80000,0x000000079c280000)
 ParOldGen       total 482304K, used 321482K [0x00000006c0000000, 0x00000006dd700000, 0x000000076ab00000)
  object space 482304K, 66% used [0x00000006c0000000,0x00000006d39f2be8,0x00000006dd700000)
 Metaspace       used 6731K, capacity 7320K, committed 7680K, reserved 1056768K
  class space    used 633K, capacity 656K, committed 768K, reserved 1048576K
}
Event: 15,850 GC heap before
{Heap before GC invocations=20 (full 4):
 PSYoungGen      total 538112K, used 527646K [0x000000076ab00000, 0x000000079c280000, 0x00000007c0000000)
  eden space 462848K, 100% used [0x000000076ab00000,0x0000000786f00000,0x0000000786f00000)
  from space 75264K, 86% used [0x0000000786f00000,0x000000078ae47a68,0x000000078b880000)
  to   space 135168K, 0% used [0x0000000793e80000,0x0000000793e80000,0x000000079c280000)
 ParOldGen       total 482304K, used 321482K [0x00000006c0000000, 0x00000006dd700000, 0x000000076ab00000)
  object space 482304K, 66% used [0x00000006c0000000,0x00000006d39f2be8,0x00000006dd700000)
 Metaspace       used 6731K, capacity 7320K, committed 7680K, reserved 1056768K
  class space    used 633K, capacity 656K, committed 768K, reserved 1048576K
Event: 16,031 GC heap after
Heap after GC invocations=20 (full 4):
 PSYoungGen      total 626688K, used 135162K [0x000000076ab00000, 0x00000007a2a80000, 0x00000007c0000000)
  eden space 491520K, 0% used [0x000000076ab00000,0x000000076ab00000,0x0000000788b00000)
  from space 135168K, 99% used [0x0000000793e80000,0x000000079c27eb20,0x000000079c280000)
  to   space 183808K, 0% used [0x0000000788b00000,0x0000000788b00000,0x0000000793e80000)
 ParOldGen       total 482304K, used 387639K [0x00000006c0000000, 0x00000006dd700000, 0x000000076ab00000)
  object space 482304K, 80% used [0x00000006c0000000,0x00000006d7a8dc70,0x00000006dd700000)
 Metaspace       used 6731K, capacity 7320K, committed 7680K, reserved 1056768K
  class space    used 633K, capacity 656K, committed 768K, reserved 1048576K
}
Event: 16,672 GC heap before
{Heap before GC invocations=21 (full 4):
 PSYoungGen      total 626688K, used 626682K [0x000000076ab00000, 0x00000007a2a80000, 0x00000007c0000000)
  eden space 491520K, 100% used [0x000000076ab00000,0x0000000788b00000,0x0000000788b00000)
  from space 135168K, 99% used [0x0000000793e80000,0x000000079c27eb20,0x000000079c280000)
  to   space 183808K, 0% used [0x0000000788b00000,0x0000000788b00000,0x0000000793e80000)
 ParOldGen       total 482304K, used 387639K [0x00000006c0000000, 0x00000006dd700000, 0x000000076ab00000)
  object space 482304K, 80% used [0x00000006c0000000,0x00000006d7a8dc70,0x00000006dd700000)
 Metaspace       used 6735K, capacity 7320K, committed 7680K, reserved 1056768K
  class space    used 634K, capacity 656K, committed 768K, reserved 1048576K
Event: 16,771 GC heap after
Heap after GC invocations=21 (full 4):
 PSYoungGen      total 675328K, used 101041K [0x000000076ab00000, 0x00000007a3480000, 0x00000007c0000000)
  eden space 491520K, 0% used [0x000000076ab00000,0x000000076ab00000,0x0000000788b00000)
  from space 183808K, 54% used [0x0000000788b00000,0x000000078edac530,0x0000000793e80000)
  to   space 186368K, 0% used [0x0000000797e80000,0x0000000797e80000,0x00000007a3480000)
 ParOldGen       total 482304K, used 474503K [0x00000006c0000000, 0x00000006dd700000, 0x000000076ab00000)
  object space 482304K, 98% used [0x00000006c0000000,0x00000006dcf61d58,0x00000006dd700000)
 Metaspace       used 6735K, capacity 7320K, committed 7680K, reserved 1056768K
  class space    used 634K, capacity 656K, committed 768K, reserved 1048576K
}
Event: 16,771 GC heap before
{Heap before GC invocations=22 (full 5):
 PSYoungGen      total 675328K, used 101041K [0x000000076ab00000, 0x00000007a3480000, 0x00000007c0000000)
  eden space 491520K, 0% used [0x000000076ab00000,0x000000076ab00000,0x0000000788b00000)
  from space 183808K, 54% used [0x0000000788b00000,0x000000078edac530,0x0000000793e80000)
  to   space 186368K, 0% used [0x0000000797e80000,0x0000000797e80000,0x00000007a3480000)
 ParOldGen       total 482304K, used 474503K [0x00000006c0000000, 0x00000006dd700000, 0x000000076ab00000)
  object space 482304K, 98% used [0x00000006c0000000,0x00000006dcf61d58,0x00000006dd700000)
 Metaspace       used 6735K, capacity 7320K, committed 7680K, reserved 1056768K
  class space    used 634K, capacity 656K, committed 768K, reserved 1048576K
Event: 17,331 GC heap after
Heap after GC invocations=22 (full 5):
 PSYoungGen      total 675328K, used 0K [0x000000076ab00000, 0x00000007a3480000, 0x00000007c0000000)
  eden space 491520K, 0% used [0x000000076ab00000,0x000000076ab00000,0x0000000788b00000)
  from space 183808K, 0% used [0x0000000788b00000,0x0000000788b00000,0x0000000793e80000)
  to   space 186368K, 0% used [0x0000000797e80000,0x0000000797e80000,0x00000007a3480000)
 ParOldGen       total 588800K, used 376674K [0x00000006c0000000, 0x00000006e3f00000, 0x000000076ab00000)
  object space 588800K, 63% used [0x00000006c0000000,0x00000006d6fd8ab0,0x00000006e3f00000)
 Metaspace       used 6735K, capacity 7320K, committed 7680K, reserved 1056768K
  class space    used 634K, capacity 656K, committed 768K, reserved 1048576K
}
Event: 17,917 GC heap before
{Heap before GC invocations=23 (full 5):
 PSYoungGen      total 675328K, used 491520K [0x000000076ab00000, 0x00000007a3480000, 0x00000007c0000000)
  eden space 491520K, 100% used [0x000000076ab00000,0x0000000788b00000,0x0000000788b00000)
  from space 183808K, 0% used [0x0000000788b00000,0x0000000788b00000,0x0000000793e80000)
  to   space 186368K, 0% used [0x0000000797e80000,0x0000000797e80000,0x00000007a3480000)
 ParOldGen       total 588800K, used 376674K [0x00000006c0000000, 0x00000006e3f00000, 0x000000076ab00000)
  object space 588800K, 63% used [0x00000006c0000000,0x00000006d6fd8ab0,0x00000006e3f00000)
 Metaspace       used 6740K, capacity 7320K, committed 7680K, reserved 1056768K
  class space    used 634K, capacity 656K, committed 768K, reserved 1048576K
Event: 17,978 GC heap after
Heap after GC invocations=23 (full 5):
 PSYoungGen      total 716288K, used 81991K [0x000000076ab00000, 0x00000007a2300000, 0x00000007c0000000)
  eden space 547840K, 0% used [0x000000076ab00000,0x000000076ab00000,0x000000078c200000)
  from space 168448K, 48% used [0x0000000797e80000,0x000000079ce91d30,0x00000007a2300000)
  to   space 180736K, 0% used [0x000000078c200000,0x000000078c200000,0x0000000797280000)
 ParOldGen       total 588800K, used 376674K [0x00000006c0000000, 0x00000006e3f00000, 0x000000076ab00000)
  object space 588800K, 63% used [0x00000006c0000000,0x00000006d6fd8ab0,0x00000006e3f00000)
 Metaspace       used 6740K, capacity 7320K, committed 7680K, reserved 1056768K
  class space    used 634K, capacity 656K, committed 768K, reserved 1048576K
}
Event: 18,715 GC heap before
{Heap before GC invocations=24 (full 5):
 PSYoungGen      total 716288K, used 629831K [0x000000076ab00000, 0x00000007a2300000, 0x00000007c0000000)
  eden space 547840K, 100% used [0x000000076ab00000,0x000000078c200000,0x000000078c200000)
  from space 168448K, 48% used [0x0000000797e80000,0x000000079ce91d30,0x00000007a2300000)
  to   space 180736K, 0% used [0x000000078c200000,0x000000078c200000,0x0000000797280000)
 ParOldGen       total 588800K, used 376674K [0x00000006c0000000, 0x00000006e3f00000, 0x000000076ab00000)
  object space 588800K, 63% used [0x00000006c0000000,0x00000006d6fd8ab0,0x00000006e3f00000)
 Metaspace       used 6745K, capacity 7320K, committed 7680K, reserved 1056768K
  class space    used 634K, capacity 656K, committed 768K, reserved 1048576K

