# JRE version: Java(TM) SE Runtime Environment (8.0_161-b12) (build 1.8.0_161-b12)
# Java VM: Java HotSpot(TM) 64-Bit Server VM (25.161-b12 mixed mode linux-amd64 compressed oops)
Heap:
 PSYoungGen      total 193024K, used 19956K [0x000000076ab00000, 0x0000000777e00000, 0x00000007c0000000)
  eden space 173056K, 0% used [0x000000076ab00000,0x000000076ab00000,0x0000000775400000)
  from space 19968K, 99% used [0x0000000775400000,0x000000077677d178,0x0000000776780000)
  to   space 16896K, 0% used [0x0000000776780000,0x0000000776780000,0x0000000777800000)
 ParOldGen       total 58880K, used 35516K [0x00000006c0000000, 0x00000006c3980000, 0x000000076ab00000)
  object space 58880K, 60% used [0x00000006c0000000,0x00000006c22af1d0,0x00000006c3980000)
 Metaspace       used 6548K, capacity 7192K, committed 7424K, reserved 1056768K
  class space    used 631K, capacity 656K, committed 768K, reserved 1048576K
GC Heap History (10 events):
Event: 0,173 GC heap after
Heap after GC invocations=2 (full 0):
 PSYoungGen      total 47616K, used 1792K [0x000000076ab00000, 0x000000076dd00000, 0x00000007c0000000)
  eden space 44032K, 0% used [0x000000076ab00000,0x000000076ab00000,0x000000076d600000)
  from space 3584K, 50% used [0x000000076d980000,0x000000076db40000,0x000000076dd00000)
  to   space 3584K, 0% used [0x000000076d600000,0x000000076d600000,0x000000076d980000)
 ParOldGen       total 58880K, used 16K [0x00000006c0000000, 0x00000006c3980000, 0x000000076ab00000)
  object space 58880K, 0% used [0x00000006c0000000,0x00000006c0004000,0x00000006c3980000)
 Metaspace       used 3545K, capacity 4784K, committed 5120K, reserved 1056768K
  class space    used 383K, capacity 424K, committed 512K, reserved 1048576K
}
Event: 0,410 GC heap before
{Heap before GC invocations=3 (full 0):
 PSYoungGen      total 47616K, used 45824K [0x000000076ab00000, 0x000000076dd00000, 0x00000007c0000000)
  eden space 44032K, 100% used [0x000000076ab00000,0x000000076d600000,0x000000076d600000)
  from space 3584K, 50% used [0x000000076d980000,0x000000076db40000,0x000000076dd00000)
  to   space 3584K, 0% used [0x000000076d600000,0x000000076d600000,0x000000076d980000)
 ParOldGen       total 58880K, used 16K [0x00000006c0000000, 0x00000006c3980000, 0x000000076ab00000)
  object space 58880K, 0% used [0x00000006c0000000,0x00000006c0004000,0x00000006c3980000)
 Metaspace       used 5887K, capacity 6808K, committed 7168K, reserved 1056768K
  class space    used 608K, capacity 656K, committed 768K, reserved 1048576K
Event: 0,414 GC heap after
Heap after GC invocations=3 (full 0):
 PSYoungGen      total 47616K, used 3561K [0x000000076ab00000, 0x0000000770800000, 0x00000007c0000000)
  eden space 44032K, 0% used [0x000000076ab00000,0x000000076ab00000,0x000000076d600000)
  from space 3584K, 99% used [0x000000076d600000,0x000000076d97a710,0x000000076d980000)
  to   space 3584K, 0% used [0x0000000770480000,0x0000000770480000,0x0000000770800000)
 ParOldGen       total 58880K, used 2387K [0x00000006c0000000, 0x00000006c3980000, 0x000000076ab00000)
  object space 58880K, 4% used [0x00000006c0000000,0x00000006c0254ef0,0x00000006c3980000)
 Metaspace       used 5887K, capacity 6808K, committed 7168K, reserved 1056768K
  class space    used 608K, capacity 656K, committed 768K, reserved 1048576K
}
Event: 0,688 GC heap before
{Heap before GC invocations=4 (full 0):
 PSYoungGen      total 47616K, used 47593K [0x000000076ab00000, 0x0000000770800000, 0x00000007c0000000)
  eden space 44032K, 100% used [0x000000076ab00000,0x000000076d600000,0x000000076d600000)
  from space 3584K, 99% used [0x000000076d600000,0x000000076d97a710,0x000000076d980000)
  to   space 3584K, 0% used [0x0000000770480000,0x0000000770480000,0x0000000770800000)
 ParOldGen       total 58880K, used 2387K [0x00000006c0000000, 0x00000006c3980000, 0x000000076ab00000)
  object space 58880K, 4% used [0x00000006c0000000,0x00000006c0254ef0,0x00000006c3980000)
 Metaspace       used 6155K, capacity 6936K, committed 7168K, reserved 1056768K
  class space    used 628K, capacity 656K, committed 768K, reserved 1048576K
Event: 0,695 GC heap after
Heap after GC invocations=4 (full 0):
 PSYoungGen      total 91648K, used 3581K [0x000000076ab00000, 0x0000000770800000, 0x00000007c0000000)
  eden space 88064K, 0% used [0x000000076ab00000,0x000000076ab00000,0x0000000770100000)
  from space 3584K, 99% used [0x0000000770480000,0x00000007707ff568,0x0000000770800000)
  to   space 3584K, 0% used [0x0000000770100000,0x0000000770100000,0x0000000770480000)
 ParOldGen       total 58880K, used 8322K [0x00000006c0000000, 0x00000006c3980000, 0x000000076ab00000)
  object space 58880K, 14% used [0x00000006c0000000,0x00000006c0820be0,0x00000006c3980000)
 Metaspace       used 6155K, capacity 6936K, committed 7168K, reserved 1056768K
  class space    used 628K, capacity 656K, committed 768K, reserved 1048576K
}
Event: 0,959 GC heap before
{Heap before GC invocations=5 (full 0):
 PSYoungGen      total 91648K, used 91645K [0x000000076ab00000, 0x0000000770800000, 0x00000007c0000000)
  eden space 88064K, 100% used [0x000000076ab00000,0x0000000770100000,0x0000000770100000)
  from space 3584K, 99% used [0x0000000770480000,0x00000007707ff568,0x0000000770800000)
  to   space 3584K, 0% used [0x0000000770100000,0x0000000770100000,0x0000000770480000)
 ParOldGen       total 58880K, used 8322K [0x00000006c0000000, 0x00000006c3980000, 0x000000076ab00000)
  object space 58880K, 14% used [0x00000006c0000000,0x00000006c0820be0,0x00000006c3980000)
 Metaspace       used 6332K, capacity 7064K, committed 7424K, reserved 1056768K
  class space    used 630K, capacity 656K, committed 768K, reserved 1048576K
Event: 0,977 GC heap after
Heap after GC invocations=5 (full 0):
 PSYoungGen      total 91648K, used 3561K [0x000000076ab00000, 0x0000000777800000, 0x00000007c0000000)
  eden space 88064K, 0% used [0x000000076ab00000,0x000000076ab00000,0x0000000770100000)
  from space 3584K, 99% used [0x0000000770100000,0x000000077047a500,0x0000000770480000)
  to   space 16896K, 0% used [0x0000000776780000,0x0000000776780000,0x0000000777800000)
 ParOldGen       total 58880K, used 20497K [0x00000006c0000000, 0x00000006c3980000, 0x000000076ab00000)
  object space 58880K, 34% used [0x00000006c0000000,0x00000006c1404568,0x00000006c3980000)
 Metaspace       used 6332K, capacity 7064K, committed 7424K, reserved 1056768K
  class space    used 630K, capacity 656K, committed 768K, reserved 1048576K
}
Event: 1,197 GC heap before
{Heap before GC invocations=6 (full 0):
 PSYoungGen      total 91648K, used 91625K [0x000000076ab00000, 0x0000000777800000, 0x00000007c0000000)
  eden space 88064K, 100% used [0x000000076ab00000,0x0000000770100000,0x0000000770100000)
  from space 3584K, 99% used [0x0000000770100000,0x000000077047a500,0x0000000770480000)
  to   space 16896K, 0% used [0x0000000776780000,0x0000000776780000,0x0000000777800000)
 ParOldGen       total 58880K, used 20497K [0x00000006c0000000, 0x00000006c3980000, 0x000000076ab00000)
  object space 58880K, 34% used [0x00000006c0000000,0x00000006c1404568,0x00000006c3980000)
 Metaspace       used 6471K, capacity 7192K, committed 7424K, reserved 1056768K
  class space    used 630K, capacity 656K, committed 768K, reserved 1048576K
Event: 1,223 GC heap after
Heap after GC invocations=6 (full 0):
 PSYoungGen      total 189952K, used 15337K [0x000000076ab00000, 0x0000000777e00000, 0x00000007c0000000)
  eden space 173056K, 0% used [0x000000076ab00000,0x000000076ab00000,0x0000000775400000)
  from space 16896K, 90% used [0x0000000776780000,0x000000077767a5c0,0x0000000777800000)
  to   space 19968K, 0% used [0x0000000775400000,0x0000000775400000,0x0000000776780000)
 ParOldGen       total 58880K, used 20505K [0x00000006c0000000, 0x00000006c3980000, 0x000000076ab00000)
  object space 58880K, 34% used [0x00000006c0000000,0x00000006c1406568,0x00000006c3980000)
 Metaspace       used 6471K, capacity 7192K, committed 7424K, reserved 1056768K
  class space    used 630K, capacity 656K, committed 768K, reserved 1048576K
}
Event: 1,604 GC heap before
{Heap before GC invocations=7 (full 0):
 PSYoungGen      total 189952K, used 188393K [0x000000076ab00000, 0x0000000777e00000, 0x00000007c0000000)
  eden space 173056K, 100% used [0x000000076ab00000,0x0000000775400000,0x0000000775400000)
  from space 16896K, 90% used [0x0000000776780000,0x000000077767a5c0,0x0000000777800000)
  to   space 19968K, 0% used [0x0000000775400000,0x0000000775400000,0x0000000776780000)
 ParOldGen       total 58880K, used 20505K [0x00000006c0000000, 0x00000006c3980000, 0x000000076ab00000)
  object space 58880K, 34% used [0x00000006c0000000,0x00000006c1406568,0x00000006c3980000)
 Metaspace       used 6548K, capacity 7192K, committed 7424K, reserved 1056768K
  class space    used 631K, capacity 656K, committed 768K, reserved 1048576K

