# JRE version: Java(TM) SE Runtime Environment (8.0_65-b17) (build 1.8.0_65-b17)
# Java VM: Java HotSpot(TM) 64-Bit Server VM (25.65-b01 mixed mode linux-amd64 compressed oops)
Heap:
 PSYoungGen      total 614400K, used 89211K [0x000000076ab00000, 0x00000007a0280000, 0x00000007c0000000)
  eden space 519168K, 0% used [0x000000076ab00000,0x000000076ab00000,0x000000078a600000)
  from space 95232K, 93% used [0x0000000794180000,0x000000079989ecd8,0x0000000799e80000)
  to   space 159232K, 0% used [0x000000078a600000,0x000000078a600000,0x0000000794180000)
 ParOldGen       total 330752K, used 330283K [0x00000006c0000000, 0x00000006d4300000, 0x000000076ab00000)
  object space 330752K, 99% used [0x00000006c0000000,0x00000006d428ac20,0x00000006d4300000)
 Metaspace       used 6456K, capacity 7192K, committed 7424K, reserved 1056768K
  class space    used 604K, capacity 656K, committed 768K, reserved 1048576K
GC Heap History (10 events):
Event: 4,618 GC heap after
Heap after GC invocations=11 (full 1):
 PSYoungGen      total 524288K, used 62442K [0x000000076ab00000, 0x0000000793680000, 0x00000007c0000000)
  eden space 461824K, 0% used [0x000000076ab00000,0x000000076ab00000,0x0000000786e00000)
  from space 62464K, 99% used [0x000000078c380000,0x000000079007a820,0x0000000790080000)
  to   space 87552K, 0% used [0x0000000786e00000,0x0000000786e00000,0x000000078c380000)
 ParOldGen       total 117760K, used 113550K [0x00000006c0000000, 0x00000006c7300000, 0x000000076ab00000)
  object space 117760K, 96% used [0x00000006c0000000,0x00000006c6ee3948,0x00000006c7300000)
 Metaspace       used 6432K, capacity 7192K, committed 7424K, reserved 1056768K
  class space    used 603K, capacity 656K, committed 768K, reserved 1048576K
}
Event: 4,619 GC heap before
{Heap before GC invocations=12 (full 2):
 PSYoungGen      total 524288K, used 62442K [0x000000076ab00000, 0x0000000793680000, 0x00000007c0000000)
  eden space 461824K, 0% used [0x000000076ab00000,0x000000076ab00000,0x0000000786e00000)
  from space 62464K, 99% used [0x000000078c380000,0x000000079007a820,0x0000000790080000)
  to   space 87552K, 0% used [0x0000000786e00000,0x0000000786e00000,0x000000078c380000)
 ParOldGen       total 117760K, used 113550K [0x00000006c0000000, 0x00000006c7300000, 0x000000076ab00000)
  object space 117760K, 96% used [0x00000006c0000000,0x00000006c6ee3948,0x00000006c7300000)
 Metaspace       used 6432K, capacity 7192K, committed 7424K, reserved 1056768K
  class space    used 603K, capacity 656K, committed 768K, reserved 1048576K
Event: 5,135 GC heap after
Heap after GC invocations=12 (full 2):
 PSYoungGen      total 524288K, used 54048K [0x000000076ab00000, 0x0000000793680000, 0x00000007c0000000)
  eden space 461824K, 0% used [0x000000076ab00000,0x000000076ab00000,0x0000000786e00000)
  from space 62464K, 86% used [0x000000078c380000,0x000000078f8480a8,0x0000000790080000)
  to   space 87552K, 0% used [0x0000000786e00000,0x0000000786e00000,0x000000078c380000)
 ParOldGen       total 202752K, used 117305K [0x00000006c0000000, 0x00000006cc600000, 0x000000076ab00000)
  object space 202752K, 57% used [0x00000006c0000000,0x00000006c728e520,0x00000006cc600000)
 Metaspace       used 6432K, capacity 7192K, committed 7424K, reserved 1056768K
  class space    used 603K, capacity 656K, committed 768K, reserved 1048576K
}
Event: 6,064 GC heap before
{Heap before GC invocations=13 (full 2):
 PSYoungGen      total 524288K, used 515872K [0x000000076ab00000, 0x0000000793680000, 0x00000007c0000000)
  eden space 461824K, 100% used [0x000000076ab00000,0x0000000786e00000,0x0000000786e00000)
  from space 62464K, 86% used [0x000000078c380000,0x000000078f8480a8,0x0000000790080000)
  to   space 87552K, 0% used [0x0000000786e00000,0x0000000786e00000,0x000000078c380000)
 ParOldGen       total 202752K, used 117305K [0x00000006c0000000, 0x00000006cc600000, 0x000000076ab00000)
  object space 202752K, 57% used [0x00000006c0000000,0x00000006c728e520,0x00000006cc600000)
 Metaspace       used 6446K, capacity 7192K, committed 7424K, reserved 1056768K
  class space    used 603K, capacity 656K, committed 768K, reserved 1048576K
Event: 6,274 GC heap after
Heap after GC invocations=13 (full 2):
 PSYoungGen      total 549376K, used 66564K [0x000000076ab00000, 0x0000000799e80000, 0x00000007c0000000)
  eden space 461824K, 0% used [0x000000076ab00000,0x000000076ab00000,0x0000000786e00000)
  from space 87552K, 76% used [0x0000000786e00000,0x000000078af01050,0x000000078c380000)
  to   space 95232K, 0% used [0x0000000794180000,0x0000000794180000,0x0000000799e80000)
 ParOldGen       total 202752K, used 171801K [0x00000006c0000000, 0x00000006cc600000, 0x000000076ab00000)
  object space 202752K, 84% used [0x00000006c0000000,0x00000006ca7c67a0,0x00000006cc600000)
 Metaspace       used 6446K, capacity 7192K, committed 7424K, reserved 1056768K
  class space    used 603K, capacity 656K, committed 768K, reserved 1048576K
}
Event: 6,274 GC heap before
{Heap before GC invocations=14 (full 3):
 PSYoungGen      total 549376K, used 66564K [0x000000076ab00000, 0x0000000799e80000, 0x00000007c0000000)
  eden space 461824K, 0% used [0x000000076ab00000,0x000000076ab00000,0x0000000786e00000)
  from space 87552K, 76% used [0x0000000786e00000,0x000000078af01050,0x000000078c380000)
  to   space 95232K, 0% used [0x0000000794180000,0x0000000794180000,0x0000000799e80000)
 ParOldGen       total 202752K, used 171801K [0x00000006c0000000, 0x00000006cc600000, 0x000000076ab00000)
  object space 202752K, 84% used [0x00000006c0000000,0x00000006ca7c67a0,0x00000006cc600000)
 Metaspace       used 6446K, capacity 7192K, committed 7424K, reserved 1056768K
  class space    used 603K, capacity 656K, committed 768K, reserved 1048576K
Event: 7,243 GC heap after
Heap after GC invocations=14 (full 3):
 PSYoungGen      total 549376K, used 33466K [0x000000076ab00000, 0x0000000799e80000, 0x00000007c0000000)
  eden space 461824K, 0% used [0x000000076ab00000,0x000000076ab00000,0x0000000786e00000)
  from space 87552K, 38% used [0x0000000786e00000,0x0000000788eae9e0,0x000000078c380000)
  to   space 95232K, 0% used [0x0000000794180000,0x0000000794180000,0x0000000799e80000)
 ParOldGen       total 325120K, used 202353K [0x00000006c0000000, 0x00000006d3d80000, 0x000000076ab00000)
  object space 325120K, 62% used [0x00000006c0000000,0x00000006cc59c5a8,0x00000006d3d80000)
 Metaspace       used 6446K, capacity 7192K, committed 7424K, reserved 1056768K
  class space    used 603K, capacity 656K, committed 768K, reserved 1048576K
}
Event: 8,103 GC heap before
{Heap before GC invocations=15 (full 3):
 PSYoungGen      total 549376K, used 495290K [0x000000076ab00000, 0x0000000799e80000, 0x00000007c0000000)
  eden space 461824K, 100% used [0x000000076ab00000,0x0000000786e00000,0x0000000786e00000)
  from space 87552K, 38% used [0x0000000786e00000,0x0000000788eae9e0,0x000000078c380000)
  to   space 95232K, 0% used [0x0000000794180000,0x0000000794180000,0x0000000799e80000)
 ParOldGen       total 325120K, used 202353K [0x00000006c0000000, 0x00000006d3d80000, 0x000000076ab00000)
  object space 325120K, 62% used [0x00000006c0000000,0x00000006cc59c5a8,0x00000006d3d80000)
 Metaspace       used 6456K, capacity 7192K, committed 7424K, reserved 1056768K
  class space    used 604K, capacity 656K, committed 768K, reserved 1048576K
Event: 8,485 GC heap after
Heap after GC invocations=15 (full 3):
 PSYoungGen      total 614400K, used 95217K [0x000000076ab00000, 0x00000007a0280000, 0x00000007c0000000)
  eden space 519168K, 0% used [0x000000076ab00000,0x000000076ab00000,0x000000078a600000)
  from space 95232K, 99% used [0x0000000794180000,0x0000000799e7c678,0x0000000799e80000)
  to   space 159232K, 0% used [0x000000078a600000,0x000000078a600000,0x0000000794180000)
 ParOldGen       total 330752K, used 330247K [0x00000006c0000000, 0x00000006d4300000, 0x000000076ab00000)
  object space 330752K, 99% used [0x00000006c0000000,0x00000006d4281c10,0x00000006d4300000)
 Metaspace       used 6456K, capacity 7192K, committed 7424K, reserved 1056768K
  class space    used 604K, capacity 656K, committed 768K, reserved 1048576K
}
Event: 8,491 GC heap before
{Heap before GC invocations=16 (full 4):
 PSYoungGen      total 614400K, used 95217K [0x000000076ab00000, 0x00000007a0280000, 0x00000007c0000000)
  eden space 519168K, 0% used [0x000000076ab00000,0x000000076ab00000,0x000000078a600000)
  from space 95232K, 99% used [0x0000000794180000,0x0000000799e7c678,0x0000000799e80000)
  to   space 159232K, 0% used [0x000000078a600000,0x000000078a600000,0x0000000794180000)
 ParOldGen       total 330752K, used 330247K [0x00000006c0000000, 0x00000006d4300000, 0x000000076ab00000)
  object space 330752K, 99% used [0x00000006c0000000,0x00000006d4281c10,0x00000006d4300000)
 Metaspace       used 6456K, capacity 7192K, committed 7424K, reserved 1056768K
  class space    used 604K, capacity 656K, committed 768K, reserved 1048576K

