# JRE version: Java(TM) SE Runtime Environment (8.0_161-b12) (build 1.8.0_161-b12)
# Java VM: Java HotSpot(TM) 64-Bit Server VM (25.161-b12 mixed mode linux-amd64 compressed oops)
Heap:
 PSYoungGen      total 91648K, used 3557K [0x000000076ab00000, 0x0000000770800000, 0x00000007c0000000)
  eden space 88064K, 0% used [0x000000076ab00000,0x000000076ab00000,0x0000000770100000)
  from space 3584K, 99% used [0x0000000770100000,0x0000000770479578,0x0000000770480000)
  to   space 3584K, 0% used [0x0000000770480000,0x0000000770480000,0x0000000770800000)
 ParOldGen       total 58880K, used 20814K [0x00000006c0000000, 0x00000006c3980000, 0x000000076ab00000)
  object space 58880K, 35% used [0x00000006c0000000,0x00000006c1453ba8,0x00000006c3980000)
 Metaspace       used 6285K, capacity 7064K, committed 7424K, reserved 1056768K
  class space    used 628K, capacity 656K, committed 768K, reserved 1048576K
GC Heap History (9 events):
Event: 0,171 GC heap before
{Heap before GC invocations=1 (full 0):
 PSYoungGen      total 25600K, used 22016K [0x000000076ab00000, 0x000000076c780000, 0x00000007c0000000)
  eden space 22016K, 100% used [0x000000076ab00000,0x000000076c080000,0x000000076c080000)
  from space 3584K, 0% used [0x000000076c400000,0x000000076c400000,0x000000076c780000)
  to   space 3584K, 0% used [0x000000076c080000,0x000000076c080000,0x000000076c400000)
 ParOldGen       total 58880K, used 0K [0x00000006c0000000, 0x00000006c3980000, 0x000000076ab00000)
  object space 58880K, 0% used [0x00000006c0000000,0x00000006c0000000,0x00000006c3980000)
 Metaspace       used 3544K, capacity 4784K, committed 5120K, reserved 1056768K
  class space    used 383K, capacity 424K, committed 512K, reserved 1048576K
Event: 0,176 GC heap after
Heap after GC invocations=1 (full 0):
 PSYoungGen      total 25600K, used 2032K [0x000000076ab00000, 0x000000076dd00000, 0x00000007c0000000)
  eden space 22016K, 0% used [0x000000076ab00000,0x000000076ab00000,0x000000076c080000)
  from space 3584K, 56% used [0x000000076c080000,0x000000076c27c0f8,0x000000076c400000)
  to   space 3584K, 0% used [0x000000076d980000,0x000000076d980000,0x000000076dd00000)
 ParOldGen       total 58880K, used 8K [0x00000006c0000000, 0x00000006c3980000, 0x000000076ab00000)
  object space 58880K, 0% used [0x00000006c0000000,0x00000006c0002000,0x00000006c3980000)
 Metaspace       used 3544K, capacity 4784K, committed 5120K, reserved 1056768K
  class space    used 383K, capacity 424K, committed 512K, reserved 1048576K
}
Event: 0,189 GC heap before
{Heap before GC invocations=2 (full 0):
 PSYoungGen      total 25600K, used 24048K [0x000000076ab00000, 0x000000076dd00000, 0x00000007c0000000)
  eden space 22016K, 100% used [0x000000076ab00000,0x000000076c080000,0x000000076c080000)
  from space 3584K, 56% used [0x000000076c080000,0x000000076c27c0f8,0x000000076c400000)
  to   space 3584K, 0% used [0x000000076d980000,0x000000076d980000,0x000000076dd00000)
 ParOldGen       total 58880K, used 8K [0x00000006c0000000, 0x00000006c3980000, 0x000000076ab00000)
  object space 58880K, 0% used [0x00000006c0000000,0x00000006c0002000,0x00000006c3980000)
 Metaspace       used 3548K, capacity 4784K, committed 5120K, reserved 1056768K
  class space    used 383K, capacity 424K, committed 512K, reserved 1048576K
Event: 0,190 GC heap after
Heap after GC invocations=2 (full 0):
 PSYoungGen      total 47616K, used 1776K [0x000000076ab00000, 0x000000076dd00000, 0x00000007c0000000)
  eden space 44032K, 0% used [0x000000076ab00000,0x000000076ab00000,0x000000076d600000)
  from space 3584K, 49% used [0x000000076d980000,0x000000076db3c010,0x000000076dd00000)
  to   space 3584K, 0% used [0x000000076d600000,0x000000076d600000,0x000000076d980000)
 ParOldGen       total 58880K, used 16K [0x00000006c0000000, 0x00000006c3980000, 0x000000076ab00000)
  object space 58880K, 0% used [0x00000006c0000000,0x00000006c0004000,0x00000006c3980000)
 Metaspace       used 3548K, capacity 4784K, committed 5120K, reserved 1056768K
  class space    used 383K, capacity 424K, committed 512K, reserved 1048576K
}
Event: 0,412 GC heap before
{Heap before GC invocations=3 (full 0):
 PSYoungGen      total 47616K, used 45808K [0x000000076ab00000, 0x000000076dd00000, 0x00000007c0000000)
  eden space 44032K, 100% used [0x000000076ab00000,0x000000076d600000,0x000000076d600000)
  from space 3584K, 49% used [0x000000076d980000,0x000000076db3c010,0x000000076dd00000)
  to   space 3584K, 0% used [0x000000076d600000,0x000000076d600000,0x000000076d980000)
 ParOldGen       total 58880K, used 16K [0x00000006c0000000, 0x00000006c3980000, 0x000000076ab00000)
  object space 58880K, 0% used [0x00000006c0000000,0x00000006c0004000,0x00000006c3980000)
 Metaspace       used 5882K, capacity 6808K, committed 7168K, reserved 1056768K
  class space    used 606K, capacity 656K, committed 768K, reserved 1048576K
Event: 0,417 GC heap after
Heap after GC invocations=3 (full 0):
 PSYoungGen      total 47616K, used 3558K [0x000000076ab00000, 0x0000000770800000, 0x00000007c0000000)
  eden space 44032K, 0% used [0x000000076ab00000,0x000000076ab00000,0x000000076d600000)
  from space 3584K, 99% used [0x000000076d600000,0x000000076d9798f0,0x000000076d980000)
  to   space 3584K, 0% used [0x0000000770480000,0x0000000770480000,0x0000000770800000)
 ParOldGen       total 58880K, used 2246K [0x00000006c0000000, 0x00000006c3980000, 0x000000076ab00000)
  object space 58880K, 3% used [0x00000006c0000000,0x00000006c0231a80,0x00000006c3980000)
 Metaspace       used 5882K, capacity 6808K, committed 7168K, reserved 1056768K
  class space    used 606K, capacity 656K, committed 768K, reserved 1048576K
}
Event: 0,651 GC heap before
{Heap before GC invocations=4 (full 0):
 PSYoungGen      total 47616K, used 47590K [0x000000076ab00000, 0x0000000770800000, 0x00000007c0000000)
  eden space 44032K, 100% used [0x000000076ab00000,0x000000076d600000,0x000000076d600000)
  from space 3584K, 99% used [0x000000076d600000,0x000000076d9798f0,0x000000076d980000)
  to   space 3584K, 0% used [0x0000000770480000,0x0000000770480000,0x0000000770800000)
 ParOldGen       total 58880K, used 2246K [0x00000006c0000000, 0x00000006c3980000, 0x000000076ab00000)
  object space 58880K, 3% used [0x00000006c0000000,0x00000006c0231a80,0x00000006c3980000)
 Metaspace       used 6158K, capacity 6936K, committed 7168K, reserved 1056768K
  class space    used 628K, capacity 656K, committed 768K, reserved 1048576K
Event: 0,658 GC heap after
Heap after GC invocations=4 (full 0):
 PSYoungGen      total 91648K, used 3574K [0x000000076ab00000, 0x0000000770800000, 0x00000007c0000000)
  eden space 88064K, 0% used [0x000000076ab00000,0x000000076ab00000,0x0000000770100000)
  from space 3584K, 99% used [0x0000000770480000,0x00000007707fd8c0,0x0000000770800000)
  to   space 3584K, 0% used [0x0000000770100000,0x0000000770100000,0x0000000770480000)
 ParOldGen       total 58880K, used 7730K [0x00000006c0000000, 0x00000006c3980000, 0x000000076ab00000)
  object space 58880K, 13% used [0x00000006c0000000,0x00000006c078cb98,0x00000006c3980000)
 Metaspace       used 6158K, capacity 6936K, committed 7168K, reserved 1056768K
  class space    used 628K, capacity 656K, committed 768K, reserved 1048576K
}
Event: 0,922 GC heap before
{Heap before GC invocations=5 (full 0):
 PSYoungGen      total 91648K, used 91638K [0x000000076ab00000, 0x0000000770800000, 0x00000007c0000000)
  eden space 88064K, 100% used [0x000000076ab00000,0x0000000770100000,0x0000000770100000)
  from space 3584K, 99% used [0x0000000770480000,0x00000007707fd8c0,0x0000000770800000)
  to   space 3584K, 0% used [0x0000000770100000,0x0000000770100000,0x0000000770480000)
 ParOldGen       total 58880K, used 7730K [0x00000006c0000000, 0x00000006c3980000, 0x000000076ab00000)
  object space 58880K, 13% used [0x00000006c0000000,0x00000006c078cb98,0x00000006c3980000)
 Metaspace       used 6285K, capacity 7064K, committed 7424K, reserved 1056768K
  class space    used 628K, capacity 656K, committed 768K, reserved 1048576K

