# JRE version: Java(TM) SE Runtime Environment (8.0_161-b12) (build 1.8.0_161-b12)
# Java VM: Java HotSpot(TM) 64-Bit Server VM (25.161-b12 mixed mode linux-amd64 compressed oops)
Heap:
 PSYoungGen      total 337408K, used 68085K [0x000000076ab00000, 0x0000000785000000, 0x00000007c0000000)
  eden space 269312K, 0% used [0x000000076ab00000,0x000000076ab00000,0x000000077b200000)
  from space 68096K, 99% used [0x000000077b200000,0x000000077f47d498,0x000000077f480000)
  to   space 44032K, 0% used [0x000000077f480000,0x000000077f480000,0x0000000781f80000)
 ParOldGen       total 313344K, used 311084K [0x00000006c0000000, 0x00000006d3200000, 0x000000076ab00000)
  object space 313344K, 99% used [0x00000006c0000000,0x00000006d2fcb1c0,0x00000006d3200000)
 Metaspace       used 6725K, capacity 7320K, committed 7680K, reserved 1056768K
  class space    used 633K, capacity 656K, committed 768K, reserved 1048576K
GC Heap History (10 events):
Event: 2,621 GC heap after
Heap after GC invocations=12 (full 1):
 PSYoungGen      total 295424K, used 0K [0x000000076ab00000, 0x000000077f600000, 0x00000007c0000000)
  eden space 261120K, 0% used [0x000000076ab00000,0x000000076ab00000,0x000000077aa00000)
  from space 34304K, 0% used [0x000000077ce80000,0x000000077ce80000,0x000000077f000000)
  to   space 37376K, 92% used [0x000000077aa00000,0x000000077cbafde8,0x000000077ce80000)
 ParOldGen       total 115200K, used 69681K [0x00000006c0000000, 0x00000006c7080000, 0x000000076ab00000)
  object space 115200K, 60% used [0x00000006c0000000,0x00000006c440c528,0x00000006c7080000)
 Metaspace       used 6693K, capacity 7256K, committed 7424K, reserved 1056768K
  class space    used 631K, capacity 656K, committed 768K, reserved 1048576K
}
Event: 2,984 GC heap before
{Heap before GC invocations=13 (full 2):
 PSYoungGen      total 295424K, used 261120K [0x000000076ab00000, 0x000000077f600000, 0x00000007c0000000)
  eden space 261120K, 100% used [0x000000076ab00000,0x000000077aa00000,0x000000077aa00000)
  from space 34304K, 0% used [0x000000077ce80000,0x000000077ce80000,0x000000077f000000)
  to   space 37376K, 92% used [0x000000077aa00000,0x000000077cbafde8,0x000000077ce80000)
 ParOldGen       total 115200K, used 69681K [0x00000006c0000000, 0x00000006c7080000, 0x000000076ab00000)
  object space 115200K, 60% used [0x00000006c0000000,0x00000006c440c528,0x00000006c7080000)
 Metaspace       used 6700K, capacity 7256K, committed 7424K, reserved 1056768K
  class space    used 631K, capacity 656K, committed 768K, reserved 1048576K
Event: 3,473 GC heap after
Heap after GC invocations=13 (full 2):
 PSYoungGen      total 295424K, used 0K [0x000000076ab00000, 0x000000077f600000, 0x00000007c0000000)
  eden space 261120K, 0% used [0x000000076ab00000,0x000000076ab00000,0x000000077aa00000)
  from space 34304K, 0% used [0x000000077ce80000,0x000000077ce80000,0x000000077f000000)
  to   space 37376K, 60% used [0x000000077aa00000,0x000000077bfff0c8,0x000000077ce80000)
 ParOldGen       total 183808K, used 115112K [0x00000006c0000000, 0x00000006cb380000, 0x000000076ab00000)
  object space 183808K, 62% used [0x00000006c0000000,0x00000006c706a2a8,0x00000006cb380000)
 Metaspace       used 6700K, capacity 7256K, committed 7424K, reserved 1056768K
  class space    used 631K, capacity 656K, committed 768K, reserved 1048576K
}
Event: 3,833 GC heap before
{Heap before GC invocations=14 (full 3):
 PSYoungGen      total 295424K, used 261120K [0x000000076ab00000, 0x000000077f600000, 0x00000007c0000000)
  eden space 261120K, 100% used [0x000000076ab00000,0x000000077aa00000,0x000000077aa00000)
  from space 34304K, 0% used [0x000000077ce80000,0x000000077ce80000,0x000000077f000000)
  to   space 37376K, 60% used [0x000000077aa00000,0x000000077bfff0c8,0x000000077ce80000)
 ParOldGen       total 183808K, used 115112K [0x00000006c0000000, 0x00000006cb380000, 0x000000076ab00000)
  object space 183808K, 62% used [0x00000006c0000000,0x00000006c706a2a8,0x00000006cb380000)
 Metaspace       used 6709K, capacity 7320K, committed 7680K, reserved 1056768K
  class space    used 631K, capacity 656K, committed 768K, reserved 1048576K
Event: 4,408 GC heap after
Heap after GC invocations=14 (full 3):
 PSYoungGen      total 295424K, used 0K [0x000000076ab00000, 0x000000077f600000, 0x00000007c0000000)
  eden space 261120K, 0% used [0x000000076ab00000,0x000000076ab00000,0x000000077aa00000)
  from space 34304K, 0% used [0x000000077ce80000,0x000000077ce80000,0x000000077f000000)
  to   space 37376K, 0% used [0x000000077aa00000,0x000000077aa00000,0x000000077ce80000)
 ParOldGen       total 268288K, used 174579K [0x00000006c0000000, 0x00000006d0600000, 0x000000076ab00000)
  object space 268288K, 65% used [0x00000006c0000000,0x00000006caa7cd40,0x00000006d0600000)
 Metaspace       used 6709K, capacity 7320K, committed 7680K, reserved 1056768K
  class space    used 631K, capacity 656K, committed 768K, reserved 1048576K
}
Event: 4,807 GC heap before
{Heap before GC invocations=15 (full 3):
 PSYoungGen      total 295424K, used 261120K [0x000000076ab00000, 0x000000077f600000, 0x00000007c0000000)
  eden space 261120K, 100% used [0x000000076ab00000,0x000000077aa00000,0x000000077aa00000)
  from space 34304K, 0% used [0x000000077ce80000,0x000000077ce80000,0x000000077f000000)
  to   space 37376K, 0% used [0x000000077aa00000,0x000000077aa00000,0x000000077ce80000)
 ParOldGen       total 268288K, used 174579K [0x00000006c0000000, 0x00000006d0600000, 0x000000076ab00000)
  object space 268288K, 65% used [0x00000006c0000000,0x00000006caa7cd40,0x00000006d0600000)
 Metaspace       used 6713K, capacity 7320K, committed 7680K, reserved 1056768K
  class space    used 631K, capacity 656K, committed 768K, reserved 1048576K
Event: 4,829 GC heap after
Heap after GC invocations=15 (full 3):
 PSYoungGen      total 298496K, used 37363K [0x000000076ab00000, 0x0000000781f80000, 0x00000007c0000000)
  eden space 261120K, 0% used [0x000000076ab00000,0x000000076ab00000,0x000000077aa00000)
  from space 37376K, 99% used [0x000000077aa00000,0x000000077ce7cc10,0x000000077ce80000)
  to   space 44032K, 0% used [0x000000077f480000,0x000000077f480000,0x0000000781f80000)
 ParOldGen       total 268288K, used 175427K [0x00000006c0000000, 0x00000006d0600000, 0x000000076ab00000)
  object space 268288K, 65% used [0x00000006c0000000,0x00000006cab50f20,0x00000006d0600000)
 Metaspace       used 6713K, capacity 7320K, committed 7680K, reserved 1056768K
  class space    used 631K, capacity 656K, committed 768K, reserved 1048576K
}
Event: 5,909 GC heap before
{Heap before GC invocations=16 (full 3):
 PSYoungGen      total 298496K, used 298483K [0x000000076ab00000, 0x0000000781f80000, 0x00000007c0000000)
  eden space 261120K, 100% used [0x000000076ab00000,0x000000077aa00000,0x000000077aa00000)
  from space 37376K, 99% used [0x000000077aa00000,0x000000077ce7cc10,0x000000077ce80000)
  to   space 44032K, 0% used [0x000000077f480000,0x000000077f480000,0x0000000781f80000)
 ParOldGen       total 268288K, used 175427K [0x00000006c0000000, 0x00000006d0600000, 0x000000076ab00000)
  object space 268288K, 65% used [0x00000006c0000000,0x00000006cab50f20,0x00000006d0600000)
 Metaspace       used 6717K, capacity 7320K, committed 7680K, reserved 1056768K
  class space    used 631K, capacity 656K, committed 768K, reserved 1048576K
Event: 6,086 GC heap after
Heap after GC invocations=16 (full 3):
 PSYoungGen      total 313344K, used 44009K [0x000000076ab00000, 0x0000000785000000, 0x00000007c0000000)
  eden space 269312K, 0% used [0x000000076ab00000,0x000000076ab00000,0x000000077b200000)
  from space 44032K, 99% used [0x000000077f480000,0x0000000781f7a4c8,0x0000000781f80000)
  to   space 68096K, 0% used [0x000000077b200000,0x000000077b200000,0x000000077f480000)
 ParOldGen       total 268288K, used 219750K [0x00000006c0000000, 0x00000006d0600000, 0x000000076ab00000)
  object space 268288K, 81% used [0x00000006c0000000,0x00000006cd699a98,0x00000006d0600000)
 Metaspace       used 6717K, capacity 7320K, committed 7680K, reserved 1056768K
  class space    used 631K, capacity 656K, committed 768K, reserved 1048576K
}
Event: 7,001 GC heap before
{Heap before GC invocations=17 (full 3):
 PSYoungGen      total 313344K, used 313321K [0x000000076ab00000, 0x0000000785000000, 0x00000007c0000000)
  eden space 269312K, 100% used [0x000000076ab00000,0x000000077b200000,0x000000077b200000)
  from space 44032K, 99% used [0x000000077f480000,0x0000000781f7a4c8,0x0000000781f80000)
  to   space 68096K, 0% used [0x000000077b200000,0x000000077b200000,0x000000077f480000)
 ParOldGen       total 268288K, used 219750K [0x00000006c0000000, 0x00000006d0600000, 0x000000076ab00000)
  object space 268288K, 81% used [0x00000006c0000000,0x00000006cd699a98,0x00000006d0600000)
 Metaspace       used 6725K, capacity 7320K, committed 7680K, reserved 1056768K
  class space    used 633K, capacity 656K, committed 768K, reserved 1048576K

