# JRE version: Java(TM) SE Runtime Environment (8.0_161-b12) (build 1.8.0_161-b12)
# Java VM: Java HotSpot(TM) 64-Bit Server VM (25.161-b12 mixed mode linux-amd64 compressed oops)
Heap:
 PSYoungGen      total 587776K, used 53161K [0x000000076ab00000, 0x0000000796080000, 0x00000007c0000000)
  eden space 507904K, 0% used [0x000000076ab00000,0x000000076ab00000,0x0000000789b00000)
  from space 79872K, 66% used [0x0000000789b00000,0x000000078ceea740,0x000000078e900000)
  to   space 87040K, 0% used [0x0000000790b80000,0x0000000790b80000,0x0000000796080000)
 ParOldGen       total 160768K, used 160557K [0x00000006c0000000, 0x00000006c9d00000, 0x000000076ab00000)
  object space 160768K, 99% used [0x00000006c0000000,0x00000006c9ccb598,0x00000006c9d00000)
 Metaspace       used 6723K, capacity 7320K, committed 7680K, reserved 1056768K
  class space    used 631K, capacity 656K, committed 768K, reserved 1048576K
GC Heap History (10 events):
Event: 1,705 GC heap after
Heap after GC invocations=8 (full 0):
 PSYoungGen      total 370176K, used 31722K [0x000000076ab00000, 0x0000000784a00000, 0x00000007c0000000)
  eden space 338432K, 0% used [0x000000076ab00000,0x000000076ab00000,0x000000077f580000)
  from space 31744K, 99% used [0x0000000781c00000,0x0000000783afa938,0x0000000783b00000)
  to   space 39424K, 0% used [0x000000077f580000,0x000000077f580000,0x0000000781c00000)
 ParOldGen       total 58880K, used 38662K [0x00000006c0000000, 0x00000006c3980000, 0x000000076ab00000)
  object space 58880K, 65% used [0x00000006c0000000,0x00000006c25c1bb8,0x00000006c3980000)
 Metaspace       used 6616K, capacity 7256K, committed 7424K, reserved 1056768K
  class space    used 631K, capacity 656K, committed 768K, reserved 1048576K
}
Event: 2,397 GC heap before
{Heap before GC invocations=9 (full 0):
 PSYoungGen      total 370176K, used 370154K [0x000000076ab00000, 0x0000000784a00000, 0x00000007c0000000)
  eden space 338432K, 100% used [0x000000076ab00000,0x000000077f580000,0x000000077f580000)
  from space 31744K, 99% used [0x0000000781c00000,0x0000000783afa938,0x0000000783b00000)
  to   space 39424K, 0% used [0x000000077f580000,0x000000077f580000,0x0000000781c00000)
 ParOldGen       total 58880K, used 38662K [0x00000006c0000000, 0x00000006c3980000, 0x000000076ab00000)
  object space 58880K, 65% used [0x00000006c0000000,0x00000006c25c1bb8,0x00000006c3980000)
 Metaspace       used 6700K, capacity 7256K, committed 7424K, reserved 1056768K
  class space    used 631K, capacity 656K, committed 768K, reserved 1048576K
Event: 2,506 GC heap after
Heap after GC invocations=9 (full 0):
 PSYoungGen      total 377856K, used 39415K [0x000000076ab00000, 0x0000000793700000, 0x00000007c0000000)
  eden space 338432K, 0% used [0x000000076ab00000,0x000000076ab00000,0x000000077f580000)
  from space 39424K, 99% used [0x000000077f580000,0x0000000781bfdc58,0x0000000781c00000)
  to   space 62976K, 0% used [0x000000078f980000,0x000000078f980000,0x0000000793700000)
 ParOldGen       total 79360K, used 79141K [0x00000006c0000000, 0x00000006c4d80000, 0x000000076ab00000)
  object space 79360K, 99% used [0x00000006c0000000,0x00000006c4d49670,0x00000006c4d80000)
 Metaspace       used 6700K, capacity 7256K, committed 7424K, reserved 1056768K
  class space    used 631K, capacity 656K, committed 768K, reserved 1048576K
}
Event: 2,506 GC heap before
{Heap before GC invocations=10 (full 1):
 PSYoungGen      total 377856K, used 39415K [0x000000076ab00000, 0x0000000793700000, 0x00000007c0000000)
  eden space 338432K, 0% used [0x000000076ab00000,0x000000076ab00000,0x000000077f580000)
  from space 39424K, 99% used [0x000000077f580000,0x0000000781bfdc58,0x0000000781c00000)
  to   space 62976K, 0% used [0x000000078f980000,0x000000078f980000,0x0000000793700000)
 ParOldGen       total 79360K, used 79141K [0x00000006c0000000, 0x00000006c4d80000, 0x000000076ab00000)
  object space 79360K, 99% used [0x00000006c0000000,0x00000006c4d49670,0x00000006c4d80000)
 Metaspace       used 6700K, capacity 7256K, committed 7424K, reserved 1056768K
  class space    used 631K, capacity 656K, committed 768K, reserved 1048576K
Event: 2,884 GC heap after
Heap after GC invocations=10 (full 1):
 PSYoungGen      total 377856K, used 32615K [0x000000076ab00000, 0x0000000793700000, 0x00000007c0000000)
  eden space 338432K, 0% used [0x000000076ab00000,0x000000076ab00000,0x000000077f580000)
  from space 39424K, 82% used [0x000000077f580000,0x0000000781559cc0,0x0000000781c00000)
  to   space 62976K, 0% used [0x000000078f980000,0x000000078f980000,0x0000000793700000)
 ParOldGen       total 142336K, used 79136K [0x00000006c0000000, 0x00000006c8b00000, 0x000000076ab00000)
  object space 142336K, 55% used [0x00000006c0000000,0x00000006c4d48110,0x00000006c8b00000)
 Metaspace       used 6700K, capacity 7256K, committed 7424K, reserved 1056768K
  class space    used 631K, capacity 656K, committed 768K, reserved 1048576K
}
Event: 3,470 GC heap before
{Heap before GC invocations=11 (full 1):
 PSYoungGen      total 377856K, used 371047K [0x000000076ab00000, 0x0000000793700000, 0x00000007c0000000)
  eden space 338432K, 100% used [0x000000076ab00000,0x000000077f580000,0x000000077f580000)
  from space 39424K, 82% used [0x000000077f580000,0x0000000781559cc0,0x0000000781c00000)
  to   space 62976K, 0% used [0x000000078f980000,0x000000078f980000,0x0000000793700000)
 ParOldGen       total 142336K, used 79136K [0x00000006c0000000, 0x00000006c8b00000, 0x000000076ab00000)
  object space 142336K, 55% used [0x00000006c0000000,0x00000006c4d48110,0x00000006c8b00000)
 Metaspace       used 6710K, capacity 7320K, committed 7680K, reserved 1056768K
  class space    used 631K, capacity 656K, committed 768K, reserved 1048576K
Event: 3,547 GC heap after
Heap after GC invocations=11 (full 1):
 PSYoungGen      total 485376K, used 62967K [0x000000076ab00000, 0x0000000793700000, 0x00000007c0000000)
  eden space 422400K, 0% used [0x000000076ab00000,0x000000076ab00000,0x0000000784780000)
  from space 62976K, 99% used [0x000000078f980000,0x00000007936fdce0,0x0000000793700000)
  to   space 79872K, 0% used [0x0000000789b00000,0x0000000789b00000,0x000000078e900000)
 ParOldGen       total 142336K, used 94814K [0x00000006c0000000, 0x00000006c8b00000, 0x000000076ab00000)
  object space 142336K, 66% used [0x00000006c0000000,0x00000006c5c97850,0x00000006c8b00000)
 Metaspace       used 6710K, capacity 7320K, committed 7680K, reserved 1056768K
  class space    used 631K, capacity 656K, committed 768K, reserved 1048576K
}
Event: 4,217 GC heap before
{Heap before GC invocations=12 (full 1):
 PSYoungGen      total 485376K, used 485367K [0x000000076ab00000, 0x0000000793700000, 0x00000007c0000000)
  eden space 422400K, 100% used [0x000000076ab00000,0x0000000784780000,0x0000000784780000)
  from space 62976K, 99% used [0x000000078f980000,0x00000007936fdce0,0x0000000793700000)
  to   space 79872K, 0% used [0x0000000789b00000,0x0000000789b00000,0x000000078e900000)
 ParOldGen       total 142336K, used 94814K [0x00000006c0000000, 0x00000006c8b00000, 0x000000076ab00000)
  object space 142336K, 66% used [0x00000006c0000000,0x00000006c5c97850,0x00000006c8b00000)
 Metaspace       used 6723K, capacity 7320K, committed 7680K, reserved 1056768K
  class space    used 631K, capacity 656K, committed 768K, reserved 1048576K
Event: 4,334 GC heap after
Heap after GC invocations=12 (full 1):
 PSYoungGen      total 587776K, used 60226K [0x000000076ab00000, 0x0000000796080000, 0x00000007c0000000)
  eden space 507904K, 0% used [0x000000076ab00000,0x000000076ab00000,0x0000000789b00000)
  from space 79872K, 75% used [0x0000000789b00000,0x000000078d5d0be0,0x000000078e900000)
  to   space 87040K, 0% used [0x0000000790b80000,0x0000000790b80000,0x0000000796080000)
 ParOldGen       total 160768K, used 158058K [0x00000006c0000000, 0x00000006c9d00000, 0x000000076ab00000)
  object space 160768K, 98% used [0x00000006c0000000,0x00000006c9a5aad8,0x00000006c9d00000)
 Metaspace       used 6723K, capacity 7320K, committed 7680K, reserved 1056768K
  class space    used 631K, capacity 656K, committed 768K, reserved 1048576K
}
Event: 4,334 GC heap before
{Heap before GC invocations=13 (full 2):
 PSYoungGen      total 587776K, used 60226K [0x000000076ab00000, 0x0000000796080000, 0x00000007c0000000)
  eden space 507904K, 0% used [0x000000076ab00000,0x000000076ab00000,0x0000000789b00000)
  from space 79872K, 75% used [0x0000000789b00000,0x000000078d5d0be0,0x000000078e900000)
  to   space 87040K, 0% used [0x0000000790b80000,0x0000000790b80000,0x0000000796080000)
 ParOldGen       total 160768K, used 158058K [0x00000006c0000000, 0x00000006c9d00000, 0x000000076ab00000)
  object space 160768K, 98% used [0x00000006c0000000,0x00000006c9a5aad8,0x00000006c9d00000)
 Metaspace       used 6723K, capacity 7320K, committed 7680K, reserved 1056768K
  class space    used 631K, capacity 656K, committed 768K, reserved 1048576K

